c:\users\admin\downloads\programming\trainingframework\debug-nvidia\vc142.pdb
c:\users\admin\downloads\programming\trainingframework\debug-nvidia\vc142.idb
c:\users\admin\downloads\programming\trainingframework\debug-nvidia\bullet.obj
c:\users\admin\downloads\programming\trainingframework\debug-nvidia\enermy.obj
c:\users\admin\downloads\programming\trainingframework\debug-nvidia\explosiveeffect.obj
c:\users\admin\downloads\programming\trainingframework\debug-nvidia\font.obj
c:\users\admin\downloads\programming\trainingframework\debug-nvidia\gamebutton.obj
c:\users\admin\downloads\programming\trainingframework\debug-nvidia\player.obj
c:\users\admin\downloads\programming\trainingframework\debug-nvidia\sprite2d.obj
c:\users\admin\downloads\programming\trainingframework\debug-nvidia\camera.obj
c:\users\admin\downloads\programming\trainingframework\debug-nvidia\sprite3d.obj
c:\users\admin\downloads\programming\trainingframework\debug-nvidia\models.obj
c:\users\admin\downloads\programming\trainingframework\debug-nvidia\shaders.obj
c:\users\admin\downloads\programming\trainingframework\debug-nvidia\spritesheet.obj
c:\users\admin\downloads\programming\trainingframework\debug-nvidia\text.obj
c:\users\admin\downloads\programming\trainingframework\debug-nvidia\texture.obj
c:\users\admin\downloads\programming\trainingframework\debug-nvidia\gamestatebase.obj
c:\users\admin\downloads\programming\trainingframework\debug-nvidia\gamestatemachine.obj
c:\users\admin\downloads\programming\trainingframework\debug-nvidia\gsintro.obj
c:\users\admin\downloads\programming\trainingframework\debug-nvidia\gsmenu.obj
c:\users\admin\downloads\programming\trainingframework\debug-nvidia\gsplay.obj
c:\users\admin\downloads\programming\trainingframework\debug-nvidia\trainingframework.obj
c:\users\admin\downloads\programming\trainingframework\debug-nvidia\application.obj
c:\users\admin\downloads\programming\trainingframework\debug-nvidia\resourcemanagers.obj
c:\users\admin\downloads\programming\trainingframework\debug-nvidia\soundmanager.obj
c:\users\admin\downloads\programming\trainingframework\debug-nvidia\bird.obj
c:\users\admin\downloads\programming\trainingframework\debug-nvidia\gsplay1.obj
c:\users\admin\downloads\programming\trainingframework\debug-nvidia\pipe.obj
c:\users\admin\downloads\programming\bin-nvidia\trainingframework.exe
c:\users\admin\downloads\programming\bin-nvidia\trainingframework.ilk
c:\users\admin\downloads\programming\bin-nvidia\trainingframework.pdb
c:\users\admin\downloads\programming\\bin-nvidia\trainingframework.pdb
c:\users\admin\downloads\programming\\bin-nvidia\trainingframework.exe
c:\users\admin\downloads\programming\\bin-nvidia\trainingframework.ilk
c:\users\admin\downloads\programming\trainingframework\debug-nvidia\training.fc024ec8.tlog\cl.command.1.tlog
c:\users\admin\downloads\programming\trainingframework\debug-nvidia\training.fc024ec8.tlog\cl.read.1.tlog
c:\users\admin\downloads\programming\trainingframework\debug-nvidia\training.fc024ec8.tlog\cl.write.1.tlog
c:\users\admin\downloads\programming\trainingframework\debug-nvidia\training.fc024ec8.tlog\link.11544.delete.1.tlog
c:\users\admin\downloads\programming\trainingframework\debug-nvidia\training.fc024ec8.tlog\link.command.1.tlog
c:\users\admin\downloads\programming\trainingframework\debug-nvidia\training.fc024ec8.tlog\link.delete.1.tlog
c:\users\admin\downloads\programming\trainingframework\debug-nvidia\training.fc024ec8.tlog\link.read.1.tlog
c:\users\admin\downloads\programming\trainingframework\debug-nvidia\training.fc024ec8.tlog\link.write.1.tlog
